[2020-10-07 10:14:39,130] INFO Starting the log cleaner (kafka.log.LogCleaner)
[2020-10-07 10:14:39,181] INFO [kafka-log-cleaner-thread-0]: Starting (kafka.log.LogCleaner)
[2020-10-07 10:14:39,505] INFO Shutting down the log cleaner. (kafka.log.LogCleaner)
[2020-10-07 10:14:39,506] INFO [kafka-log-cleaner-thread-0]: Shutting down (kafka.log.LogCleaner)
[2020-10-07 10:14:39,507] INFO [kafka-log-cleaner-thread-0]: Stopped (kafka.log.LogCleaner)
[2020-10-07 10:14:39,507] INFO [kafka-log-cleaner-thread-0]: Shutdown completed (kafka.log.LogCleaner)
[2020-10-07 10:20:15,041] INFO Starting the log cleaner (kafka.log.LogCleaner)
[2020-10-07 10:20:15,108] INFO [kafka-log-cleaner-thread-0]: Starting (kafka.log.LogCleaner)
[2020-10-07 10:20:15,414] INFO Shutting down the log cleaner. (kafka.log.LogCleaner)
[2020-10-07 10:20:15,415] INFO [kafka-log-cleaner-thread-0]: Shutting down (kafka.log.LogCleaner)
[2020-10-07 10:20:15,415] INFO [kafka-log-cleaner-thread-0]: Shutdown completed (kafka.log.LogCleaner)
[2020-10-07 10:20:15,416] INFO [kafka-log-cleaner-thread-0]: Stopped (kafka.log.LogCleaner)
[2020-10-07 18:45:20,947] INFO Starting the log cleaner (kafka.log.LogCleaner)
[2020-10-07 18:45:21,045] INFO [kafka-log-cleaner-thread-0]: Starting (kafka.log.LogCleaner)
[2020-10-07 18:45:21,557] INFO Shutting down the log cleaner. (kafka.log.LogCleaner)
[2020-10-07 18:45:21,560] INFO [kafka-log-cleaner-thread-0]: Shutting down (kafka.log.LogCleaner)
[2020-10-07 18:45:21,563] INFO [kafka-log-cleaner-thread-0]: Shutdown completed (kafka.log.LogCleaner)
[2020-10-07 18:45:21,563] INFO [kafka-log-cleaner-thread-0]: Stopped (kafka.log.LogCleaner)
[2020-10-07 18:51:56,218] INFO Starting the log cleaner (kafka.log.LogCleaner)
[2020-10-07 18:51:56,294] INFO [kafka-log-cleaner-thread-0]: Starting (kafka.log.LogCleaner)
[2020-10-07 18:51:56,807] INFO Shutting down the log cleaner. (kafka.log.LogCleaner)
[2020-10-07 18:51:56,809] INFO [kafka-log-cleaner-thread-0]: Shutting down (kafka.log.LogCleaner)
[2020-10-07 18:51:56,810] INFO [kafka-log-cleaner-thread-0]: Stopped (kafka.log.LogCleaner)
[2020-10-07 18:51:56,810] INFO [kafka-log-cleaner-thread-0]: Shutdown completed (kafka.log.LogCleaner)
[2020-10-07 19:24:03,818] INFO Starting the log cleaner (kafka.log.LogCleaner)
[2020-10-07 19:24:03,888] INFO [kafka-log-cleaner-thread-0]: Starting (kafka.log.LogCleaner)
[2020-11-28 18:34:34,408] INFO Starting the log cleaner (kafka.log.LogCleaner)
[2020-11-28 18:34:34,479] INFO [kafka-log-cleaner-thread-0]: Starting (kafka.log.LogCleaner)
[2020-11-28 18:34:34,906] INFO Shutting down the log cleaner. (kafka.log.LogCleaner)
[2020-11-28 18:34:34,907] INFO [kafka-log-cleaner-thread-0]: Shutting down (kafka.log.LogCleaner)
[2020-11-28 18:34:34,908] INFO [kafka-log-cleaner-thread-0]: Stopped (kafka.log.LogCleaner)
[2020-11-28 18:34:34,908] INFO [kafka-log-cleaner-thread-0]: Shutdown completed (kafka.log.LogCleaner)
[2020-11-28 18:37:46,366] INFO Starting the log cleaner (kafka.log.LogCleaner)
[2020-11-28 18:37:46,446] INFO [kafka-log-cleaner-thread-0]: Starting (kafka.log.LogCleaner)
[2020-11-28 18:37:46,838] INFO Shutting down the log cleaner. (kafka.log.LogCleaner)
[2020-11-28 18:37:46,839] INFO [kafka-log-cleaner-thread-0]: Shutting down (kafka.log.LogCleaner)
[2020-11-28 18:37:46,841] INFO [kafka-log-cleaner-thread-0]: Stopped (kafka.log.LogCleaner)
[2020-11-28 18:37:46,841] INFO [kafka-log-cleaner-thread-0]: Shutdown completed (kafka.log.LogCleaner)
[2020-11-28 18:43:47,798] INFO Starting the log cleaner (kafka.log.LogCleaner)
[2020-11-28 18:43:47,856] INFO [kafka-log-cleaner-thread-0]: Starting (kafka.log.LogCleaner)
[2020-11-28 18:43:48,220] INFO Shutting down the log cleaner. (kafka.log.LogCleaner)
[2020-11-28 18:43:48,221] INFO [kafka-log-cleaner-thread-0]: Shutting down (kafka.log.LogCleaner)
[2020-11-28 18:43:48,223] INFO [kafka-log-cleaner-thread-0]: Shutdown completed (kafka.log.LogCleaner)
[2020-11-28 18:43:48,223] INFO [kafka-log-cleaner-thread-0]: Stopped (kafka.log.LogCleaner)
[2020-11-28 18:49:30,375] INFO Starting the log cleaner (kafka.log.LogCleaner)
[2020-11-28 18:49:30,429] INFO [kafka-log-cleaner-thread-0]: Starting (kafka.log.LogCleaner)
[2020-12-02 08:46:43,834] INFO Starting the log cleaner (kafka.log.LogCleaner)
[2020-12-02 08:46:43,958] INFO [kafka-log-cleaner-thread-0]: Starting (kafka.log.LogCleaner)
